\BOOKMARK [0][-]{dummy.2}{\376\377\000A\000b\000s\000t\000r\000a\000c\000t}{}% 1
\BOOKMARK [0][-]{dummy.4}{\376\377\000L\000i\000s\000t\000\040\000o\000f\000\040\000F\000i\000g\000u\000r\000e\000s}{}% 2
\BOOKMARK [0][-]{dummy.6}{\376\377\000L\000i\000s\000t\000\040\000o\000f\000\040\000T\000a\000b\000l\000e\000s}{}% 3
\BOOKMARK [0][-]{chapter.8}{\376\377\0001\000\040\000I\000n\000t\000r\000o\000d\000u\000c\000t\000i\000o\000n}{}% 4
\BOOKMARK [1][-]{section.9}{\376\377\0001\000.\0001\000\040\000W\000h\000a\000t\000\040\000i\000s\000\040\000A\000n\000g\000u\000l\000a\000r\000?}{chapter.8}% 5
\BOOKMARK [2][-]{subsection.10}{\376\377\0001\000.\0001\000.\0001\000\040\000V\000e\000r\000s\000i\000o\000n\000s\000\040\000o\000f\000\040\000A\000n\000g\000u\000l\000a\000r}{section.9}% 6
\BOOKMARK [2][-]{subsection.11}{\376\377\0001\000.\0001\000.\0002\000\040\000D\000i\000f\000f\000e\000r\000e\000n\000c\000e\000s\000\040\000i\000n\000\040\000A\000n\000g\000u\000l\000a\000r\000J\000S\000\040\000a\000n\000d\000\040\000A\000n\000g\000u\000l\000a\000r\000\040\0002\000+}{section.9}% 7
\BOOKMARK [1][-]{section.12}{\376\377\0001\000.\0002\000\040\000R\000E\000S\000T}{chapter.8}% 8
\BOOKMARK [2][-]{subsection.13}{\376\377\0001\000.\0002\000.\0001\000\040\000R\000E\000S\000T\000\040\000S\000e\000m\000a\000n\000t\000i\000c\000s}{section.12}% 9
\BOOKMARK [1][-]{section.16}{\376\377\0001\000.\0003\000\040\000H\000T\000T\000P}{chapter.8}% 10
\BOOKMARK [2][-]{subsection.17}{\376\377\0001\000.\0003\000.\0001\000\040\000H\000T\000T\000P\000\040\000M\000e\000t\000h\000o\000d\000s}{section.16}% 11
\BOOKMARK [1][-]{section.24}{\376\377\0001\000.\0004\000\040\000O\000b\000s\000e\000r\000v\000a\000b\000l\000e\000s}{chapter.8}% 12
\BOOKMARK [1][-]{section.33}{\376\377\0001\000.\0005\000\040\000D\000a\000t\000a\000\040\000F\000o\000r\000m\000a\000t\000s\000\040\000u\000s\000e\000d\000\040}{chapter.8}% 13
\BOOKMARK [2][-]{subsection.34}{\376\377\0001\000.\0005\000.\0001\000\040\000J\000S\000O\000N}{section.33}% 14
\BOOKMARK [0][-]{chapter.35}{\376\377\0002\000\040\000L\000i\000t\000e\000r\000a\000t\000u\000r\000e\000\040\000R\000e\000v\000i\000e\000w}{}% 15
\BOOKMARK [1][-]{section.36}{\376\377\0002\000.\0001\000\040\000R\000e\000l\000a\000t\000e\000d\000\040\000W\000o\000r\000k}{chapter.35}% 16
\BOOKMARK [0][-]{chapter.37}{\376\377\0003\000\040\000P\000r\000o\000p\000o\000s\000e\000d\000\040\000W\000o\000r\000k}{}% 17
\BOOKMARK [1][-]{section.38}{\376\377\0003\000.\0001\000\040\000P\000r\000o\000b\000l\000e\000m\000\040\000S\000t\000a\000t\000e\000m\000e\000n\000t}{chapter.37}% 18
\BOOKMARK [1][-]{section.39}{\376\377\0003\000.\0002\000\040\000S\000e\000t\000t\000i\000n\000g\000\040\000U\000p}{chapter.37}% 19
\BOOKMARK [2][-]{subsection.42}{\376\377\0003\000.\0002\000.\0001\000\040\000I\000n\000s\000t\000a\000l\000l\000i\000n\000g\000\040\000a\000n\000g\000u\000l\000a\000r\000-\000r\000e\000s\000t\000-\000s\000e\000r\000v\000i\000c\000e}{section.39}% 20
\BOOKMARK [2][-]{subsection.47}{\376\377\0003\000.\0002\000.\0002\000\040\000I\000m\000p\000o\000r\000t\000i\000n\000g\000\040\000a\000n\000g\000u\000l\000a\000r\000-\000r\000e\000s\000t\000-\000s\000e\000r\000v\000i\000c\000e\000\040\000t\000o\000\040\000y\000o\000u\000r\000\040\000p\000r\000o\000j\000e\000c\000t}{section.39}% 21
\BOOKMARK [1][-]{section.83}{\376\377\0003\000.\0003\000\040\000a\000n\000g\000u\000l\000a\000r\000-\000r\000e\000s\000t\000-\000s\000e\000r\000v\000i\000c\000e\000\040\000A\000P\000I}{chapter.37}% 22
\BOOKMARK [1][-]{section.114}{\376\377\0003\000.\0004\000\040\000M\000o\000d\000u\000l\000e\000\040\000C\000o\000n\000f\000i\000g\000u\000r\000a\000t\000i\000o\000n}{chapter.37}% 23
\BOOKMARK [1][-]{section.115}{\376\377\0003\000.\0005\000\040\000E\000x\000a\000m\000p\000l\000e\000\040\000a\000p\000p\000l\000i\000c\000a\000t\000i\000o\000n}{chapter.37}% 24
\BOOKMARK [0][-]{chapter.167}{\376\377\0004\000\040\000C\000o\000n\000c\000l\000u\000s\000i\000o\000n}{}% 25
